[2023-08-13 13:26:28,243] {taskinstance.py:1159} INFO - Dependencies all met for <TaskInstance: submit_pyspark_script_to_emr.execute_pyspark_script manual__2023-08-13T13:26:15.433626+00:00 [queued]>
[2023-08-13 13:26:28,279] {taskinstance.py:1159} INFO - Dependencies all met for <TaskInstance: submit_pyspark_script_to_emr.execute_pyspark_script manual__2023-08-13T13:26:15.433626+00:00 [queued]>
[2023-08-13 13:26:28,280] {taskinstance.py:1356} INFO - 
--------------------------------------------------------------------------------
[2023-08-13 13:26:28,282] {taskinstance.py:1357} INFO - Starting attempt 1 of 1
[2023-08-13 13:26:28,283] {taskinstance.py:1358} INFO - 
--------------------------------------------------------------------------------
[2023-08-13 13:26:28,312] {taskinstance.py:1377} INFO - Executing <Task(EmrAddStepsOperator): execute_pyspark_script> on 2023-08-13 13:26:15.433626+00:00
[2023-08-13 13:26:28,325] {standard_task_runner.py:52} INFO - Started process 242 to run task
[2023-08-13 13:26:28,334] {standard_task_runner.py:79} INFO - Running: ['airflow', 'tasks', 'run', 'submit_pyspark_script_to_emr', 'execute_pyspark_script', 'manual__2023-08-13T13:26:15.433626+00:00', '--job-id', '96', '--raw', '--subdir', 'DAGS_FOLDER/orchestration/submit_spark_job_to_emr.py', '--cfg-path', '/tmp/tmpht5fp2bt', '--error-file', '/tmp/tmp_vy_ptxv']
[2023-08-13 13:26:28,337] {standard_task_runner.py:80} INFO - Job 96: Subtask execute_pyspark_script
[2023-08-13 13:26:28,490] {task_command.py:370} INFO - Running <TaskInstance: submit_pyspark_script_to_emr.execute_pyspark_script manual__2023-08-13T13:26:15.433626+00:00 [running]> on host airflow_scheduler
[2023-08-13 13:26:28,635] {taskinstance.py:1571} INFO - Exporting the following env vars:
AIRFLOW_CTX_DAG_OWNER=airflow
AIRFLOW_CTX_DAG_ID=submit_pyspark_script_to_emr
AIRFLOW_CTX_TASK_ID=execute_pyspark_script
AIRFLOW_CTX_EXECUTION_DATE=2023-08-13T13:26:15.433626+00:00
AIRFLOW_CTX_TRY_NUMBER=1
AIRFLOW_CTX_DAG_RUN_ID=manual__2023-08-13T13:26:15.433626+00:00
[2023-08-13 13:26:28,647] {base.py:68} INFO - Using connection ID 'aws_default' for task execution.
[2023-08-13 13:26:28,650] {base_aws.py:210} INFO - Credentials retrieved from extra_config
[2023-08-13 13:26:28,651] {base_aws.py:100} INFO - Retrieving region_name from Connection.extra_config['region_name']
[2023-08-13 13:26:28,788] {emr.py:104} INFO - Adding steps to j-1Z3BJELOTWETV
[2023-08-13 13:26:29,201] {emr.py:117} INFO - Steps ['s-00593993IWXJ9QL7G016'] added to JobFlow
[2023-08-13 13:26:29,259] {taskinstance.py:1400} INFO - Marking task as SUCCESS. dag_id=submit_pyspark_script_to_emr, task_id=execute_pyspark_script, execution_date=20230813T132615, start_date=20230813T132628, end_date=20230813T132629
[2023-08-13 13:26:29,316] {local_task_job.py:156} INFO - Task exited with return code 0
[2023-08-13 13:26:29,366] {local_task_job.py:273} INFO - 1 downstream tasks scheduled from follow-on schedule check
