[2023-08-13 12:42:00,034] {taskinstance.py:1159} INFO - Dependencies all met for <TaskInstance: submit_pyspark_script_to_emr.execute_pyspark_script_sensor manual__2023-08-13T12:41:52.760253+00:00 [queued]>
[2023-08-13 12:42:00,051] {taskinstance.py:1159} INFO - Dependencies all met for <TaskInstance: submit_pyspark_script_to_emr.execute_pyspark_script_sensor manual__2023-08-13T12:41:52.760253+00:00 [queued]>
[2023-08-13 12:42:00,052] {taskinstance.py:1356} INFO - 
--------------------------------------------------------------------------------
[2023-08-13 12:42:00,052] {taskinstance.py:1357} INFO - Starting attempt 1 of 1
[2023-08-13 12:42:00,053] {taskinstance.py:1358} INFO - 
--------------------------------------------------------------------------------
[2023-08-13 12:42:00,070] {taskinstance.py:1377} INFO - Executing <Task(EmrStepSensor): execute_pyspark_script_sensor> on 2023-08-13 12:41:52.760253+00:00
[2023-08-13 12:42:00,075] {standard_task_runner.py:52} INFO - Started process 649 to run task
[2023-08-13 12:42:00,081] {standard_task_runner.py:79} INFO - Running: ['airflow', 'tasks', 'run', 'submit_pyspark_script_to_emr', 'execute_pyspark_script_sensor', 'manual__2023-08-13T12:41:52.760253+00:00', '--job-id', '64', '--raw', '--subdir', 'DAGS_FOLDER/orchestration/submit_spark_job_to_emr.py', '--cfg-path', '/tmp/tmps4dm0twg', '--error-file', '/tmp/tmptwp8qk3n']
[2023-08-13 12:42:00,084] {standard_task_runner.py:80} INFO - Job 64: Subtask execute_pyspark_script_sensor
[2023-08-13 12:42:00,178] {task_command.py:370} INFO - Running <TaskInstance: submit_pyspark_script_to_emr.execute_pyspark_script_sensor manual__2023-08-13T12:41:52.760253+00:00 [running]> on host airflow_scheduler
[2023-08-13 12:42:00,312] {taskinstance.py:1571} INFO - Exporting the following env vars:
AIRFLOW_CTX_DAG_OWNER=airflow
AIRFLOW_CTX_DAG_ID=submit_pyspark_script_to_emr
AIRFLOW_CTX_TASK_ID=execute_pyspark_script_sensor
AIRFLOW_CTX_EXECUTION_DATE=2023-08-13T12:41:52.760253+00:00
AIRFLOW_CTX_TRY_NUMBER=1
AIRFLOW_CTX_DAG_RUN_ID=manual__2023-08-13T12:41:52.760253+00:00
[2023-08-13 12:42:00,331] {base.py:68} INFO - Using connection ID 'aws_default' for task execution.
[2023-08-13 12:42:00,335] {base_aws.py:210} INFO - Credentials retrieved from extra_config
[2023-08-13 12:42:00,336] {base_aws.py:100} INFO - Retrieving region_name from Connection.extra_config['region_name']
[2023-08-13 12:42:00,401] {emr.py:317} INFO - Poking step s-00497341PV4I8BFUH4KJ on cluster j-1QC6TK3TU9Q02
[2023-08-13 12:42:00,749] {emr.py:74} INFO - Job flow currently PENDING
[2023-08-13 12:43:00,732] {emr.py:317} INFO - Poking step s-00497341PV4I8BFUH4KJ on cluster j-1QC6TK3TU9Q02
[2023-08-13 12:43:01,133] {emr.py:74} INFO - Job flow currently FAILED
[2023-08-13 12:43:01,150] {taskinstance.py:1889} ERROR - Task failed with exception
Traceback (most recent call last):
  File "/home/airflow/.local/lib/python3.7/site-packages/airflow/sensors/base.py", line 277, in execute
    poke_return = self.poke(context)
  File "/home/airflow/.local/lib/python3.7/site-packages/airflow/providers/amazon/aws/sensors/emr.py", line 84, in poke
    raise AirflowException(final_message)
airflow.exceptions.AirflowException: EMR job failed for reason Unknown Error. with message None and log file s3://emr-data-947775527574/emr_logs/j-1QC6TK3TU9Q02/steps/s-00497341PV4I8BFUH4KJ/
[2023-08-13 12:43:01,162] {taskinstance.py:1400} INFO - Marking task as FAILED. dag_id=submit_pyspark_script_to_emr, task_id=execute_pyspark_script_sensor, execution_date=20230813T124152, start_date=20230813T124200, end_date=20230813T124301
[2023-08-13 12:43:01,176] {standard_task_runner.py:97} ERROR - Failed to execute job 64 for task execute_pyspark_script_sensor (EMR job failed for reason Unknown Error. with message None and log file s3://emr-data-947775527574/emr_logs/j-1QC6TK3TU9Q02/steps/s-00497341PV4I8BFUH4KJ/; 649)
[2023-08-13 12:43:01,216] {local_task_job.py:156} INFO - Task exited with return code 1
[2023-08-13 12:43:01,245] {local_task_job.py:273} INFO - 0 downstream tasks scheduled from follow-on schedule check
