[2023-08-13 12:41:58,409] {taskinstance.py:1159} INFO - Dependencies all met for <TaskInstance: submit_pyspark_script_to_emr.execute_pyspark_script manual__2023-08-13T12:41:52.760253+00:00 [queued]>
[2023-08-13 12:41:58,425] {taskinstance.py:1159} INFO - Dependencies all met for <TaskInstance: submit_pyspark_script_to_emr.execute_pyspark_script manual__2023-08-13T12:41:52.760253+00:00 [queued]>
[2023-08-13 12:41:58,426] {taskinstance.py:1356} INFO - 
--------------------------------------------------------------------------------
[2023-08-13 12:41:58,427] {taskinstance.py:1357} INFO - Starting attempt 1 of 1
[2023-08-13 12:41:58,427] {taskinstance.py:1358} INFO - 
--------------------------------------------------------------------------------
[2023-08-13 12:41:58,443] {taskinstance.py:1377} INFO - Executing <Task(EmrAddStepsOperator): execute_pyspark_script> on 2023-08-13 12:41:52.760253+00:00
[2023-08-13 12:41:58,448] {standard_task_runner.py:52} INFO - Started process 637 to run task
[2023-08-13 12:41:58,453] {standard_task_runner.py:79} INFO - Running: ['airflow', 'tasks', 'run', 'submit_pyspark_script_to_emr', 'execute_pyspark_script', 'manual__2023-08-13T12:41:52.760253+00:00', '--job-id', '63', '--raw', '--subdir', 'DAGS_FOLDER/orchestration/submit_spark_job_to_emr.py', '--cfg-path', '/tmp/tmpwo0rdtg7', '--error-file', '/tmp/tmp03sv75s2']
[2023-08-13 12:41:58,455] {standard_task_runner.py:80} INFO - Job 63: Subtask execute_pyspark_script
[2023-08-13 12:41:58,576] {task_command.py:370} INFO - Running <TaskInstance: submit_pyspark_script_to_emr.execute_pyspark_script manual__2023-08-13T12:41:52.760253+00:00 [running]> on host airflow_scheduler
[2023-08-13 12:41:58,759] {taskinstance.py:1571} INFO - Exporting the following env vars:
AIRFLOW_CTX_DAG_OWNER=airflow
AIRFLOW_CTX_DAG_ID=submit_pyspark_script_to_emr
AIRFLOW_CTX_TASK_ID=execute_pyspark_script
AIRFLOW_CTX_EXECUTION_DATE=2023-08-13T12:41:52.760253+00:00
AIRFLOW_CTX_TRY_NUMBER=1
AIRFLOW_CTX_DAG_RUN_ID=manual__2023-08-13T12:41:52.760253+00:00
[2023-08-13 12:41:58,773] {base.py:68} INFO - Using connection ID 'aws_default' for task execution.
[2023-08-13 12:41:58,776] {base_aws.py:210} INFO - Credentials retrieved from extra_config
[2023-08-13 12:41:58,777] {base_aws.py:100} INFO - Retrieving region_name from Connection.extra_config['region_name']
[2023-08-13 12:41:58,852] {emr.py:104} INFO - Adding steps to j-1QC6TK3TU9Q02
[2023-08-13 12:41:59,271] {emr.py:117} INFO - Steps ['s-00497341PV4I8BFUH4KJ'] added to JobFlow
[2023-08-13 12:41:59,304] {taskinstance.py:1400} INFO - Marking task as SUCCESS. dag_id=submit_pyspark_script_to_emr, task_id=execute_pyspark_script, execution_date=20230813T124152, start_date=20230813T124158, end_date=20230813T124159
[2023-08-13 12:41:59,351] {local_task_job.py:156} INFO - Task exited with return code 0
[2023-08-13 12:41:59,415] {local_task_job.py:273} INFO - 1 downstream tasks scheduled from follow-on schedule check
