[2023-08-13 10:58:56,325] {taskinstance.py:1159} INFO - Dependencies all met for <TaskInstance: submit_pyspark_script_to_emr.upload_script_to_s3 manual__2023-08-13T10:58:53.010062+00:00 [queued]>
[2023-08-13 10:58:56,342] {taskinstance.py:1159} INFO - Dependencies all met for <TaskInstance: submit_pyspark_script_to_emr.upload_script_to_s3 manual__2023-08-13T10:58:53.010062+00:00 [queued]>
[2023-08-13 10:58:56,343] {taskinstance.py:1356} INFO - 
--------------------------------------------------------------------------------
[2023-08-13 10:58:56,344] {taskinstance.py:1357} INFO - Starting attempt 1 of 1
[2023-08-13 10:58:56,344] {taskinstance.py:1358} INFO - 
--------------------------------------------------------------------------------
[2023-08-13 10:58:56,365] {taskinstance.py:1377} INFO - Executing <Task(PythonOperator): upload_script_to_s3> on 2023-08-13 10:58:53.010062+00:00
[2023-08-13 10:58:56,371] {standard_task_runner.py:52} INFO - Started process 178 to run task
[2023-08-13 10:58:56,376] {standard_task_runner.py:79} INFO - Running: ['airflow', 'tasks', 'run', 'submit_pyspark_script_to_emr', 'upload_script_to_s3', 'manual__2023-08-13T10:58:53.010062+00:00', '--job-id', '12', '--raw', '--subdir', 'DAGS_FOLDER/orchestration/submit_spark_job_to_emr.py', '--cfg-path', '/tmp/tmpa70hu6ib', '--error-file', '/tmp/tmpxnd_ydy6']
[2023-08-13 10:58:56,378] {standard_task_runner.py:80} INFO - Job 12: Subtask upload_script_to_s3
[2023-08-13 10:58:56,510] {task_command.py:370} INFO - Running <TaskInstance: submit_pyspark_script_to_emr.upload_script_to_s3 manual__2023-08-13T10:58:53.010062+00:00 [running]> on host airflow_scheduler
[2023-08-13 10:58:56,673] {taskinstance.py:1571} INFO - Exporting the following env vars:
AIRFLOW_CTX_DAG_OWNER=airflow
AIRFLOW_CTX_DAG_ID=submit_pyspark_script_to_emr
AIRFLOW_CTX_TASK_ID=upload_script_to_s3
AIRFLOW_CTX_EXECUTION_DATE=2023-08-13T10:58:53.010062+00:00
AIRFLOW_CTX_TRY_NUMBER=1
AIRFLOW_CTX_DAG_RUN_ID=manual__2023-08-13T10:58:53.010062+00:00
[2023-08-13 10:58:56,675] {submit_spark_job_to_emr.py:67} INFO - The fetched bucket name is: emr-data-947775527574
[2023-08-13 10:58:56,678] {submit_spark_job_to_emr.py:68} INFO - The fetched local filename is: /opt/airflow/dags/computation/src/pyspark_scripts/read_and_write_back_to_s3.py
[2023-08-13 10:58:56,679] {submit_spark_job_to_emr.py:69} INFO - The fetched S3 file destination is: scripts/read_and_write_back_to_s3.py
[2023-08-13 10:58:56,682] {submit_spark_job_to_emr.py:70} INFO - The fetched spark_conf_map destination is: {'spark.sql.session.timeZone': 'UTC', 'spark.speculation': 'false'}
[2023-08-13 10:58:56,700] {base.py:68} INFO - Using connection ID 'aws_default' for task execution.
[2023-08-13 10:58:56,703] {base_aws.py:210} INFO - Credentials retrieved from extra_config
[2023-08-13 10:58:56,704] {base_aws.py:100} INFO - Retrieving region_name from Connection.extra_config['region_name']
[2023-08-13 10:58:57,196] {submit_spark_job_to_emr.py:75} INFO - File SUCCESSFULLY uploaded to S3 bucket
[2023-08-13 10:58:57,198] {python.py:173} INFO - Done. Returned value was: None
[2023-08-13 10:58:57,213] {taskinstance.py:1400} INFO - Marking task as SUCCESS. dag_id=submit_pyspark_script_to_emr, task_id=upload_script_to_s3, execution_date=20230813T105853, start_date=20230813T105856, end_date=20230813T105857
[2023-08-13 10:58:57,275] {local_task_job.py:156} INFO - Task exited with return code 0
[2023-08-13 10:58:57,311] {local_task_job.py:273} INFO - 0 downstream tasks scheduled from follow-on schedule check
