[2023-08-13 13:26:30,974] {taskinstance.py:1159} INFO - Dependencies all met for <TaskInstance: submit_pyspark_script_to_emr.execute_pyspark_script_sensor manual__2023-08-13T13:26:15.433626+00:00 [queued]>
[2023-08-13 13:26:31,005] {taskinstance.py:1159} INFO - Dependencies all met for <TaskInstance: submit_pyspark_script_to_emr.execute_pyspark_script_sensor manual__2023-08-13T13:26:15.433626+00:00 [queued]>
[2023-08-13 13:26:31,007] {taskinstance.py:1356} INFO - 
--------------------------------------------------------------------------------
[2023-08-13 13:26:31,008] {taskinstance.py:1357} INFO - Starting attempt 1 of 1
[2023-08-13 13:26:31,009] {taskinstance.py:1358} INFO - 
--------------------------------------------------------------------------------
[2023-08-13 13:26:31,030] {taskinstance.py:1377} INFO - Executing <Task(EmrStepSensor): execute_pyspark_script_sensor> on 2023-08-13 13:26:15.433626+00:00
[2023-08-13 13:26:31,042] {standard_task_runner.py:52} INFO - Started process 254 to run task
[2023-08-13 13:26:31,051] {standard_task_runner.py:79} INFO - Running: ['airflow', 'tasks', 'run', 'submit_pyspark_script_to_emr', 'execute_pyspark_script_sensor', 'manual__2023-08-13T13:26:15.433626+00:00', '--job-id', '97', '--raw', '--subdir', 'DAGS_FOLDER/orchestration/submit_spark_job_to_emr.py', '--cfg-path', '/tmp/tmpvgnwfhx3', '--error-file', '/tmp/tmp2m41nri1']
[2023-08-13 13:26:31,055] {standard_task_runner.py:80} INFO - Job 97: Subtask execute_pyspark_script_sensor
[2023-08-13 13:26:31,166] {task_command.py:370} INFO - Running <TaskInstance: submit_pyspark_script_to_emr.execute_pyspark_script_sensor manual__2023-08-13T13:26:15.433626+00:00 [running]> on host airflow_scheduler
[2023-08-13 13:26:31,353] {taskinstance.py:1571} INFO - Exporting the following env vars:
AIRFLOW_CTX_DAG_OWNER=airflow
AIRFLOW_CTX_DAG_ID=submit_pyspark_script_to_emr
AIRFLOW_CTX_TASK_ID=execute_pyspark_script_sensor
AIRFLOW_CTX_EXECUTION_DATE=2023-08-13T13:26:15.433626+00:00
AIRFLOW_CTX_TRY_NUMBER=1
AIRFLOW_CTX_DAG_RUN_ID=manual__2023-08-13T13:26:15.433626+00:00
[2023-08-13 13:26:31,370] {base.py:68} INFO - Using connection ID 'aws_default' for task execution.
[2023-08-13 13:26:31,374] {base_aws.py:210} INFO - Credentials retrieved from extra_config
[2023-08-13 13:26:31,375] {base_aws.py:100} INFO - Retrieving region_name from Connection.extra_config['region_name']
[2023-08-13 13:26:31,455] {emr.py:317} INFO - Poking step s-00593993IWXJ9QL7G016 on cluster j-1Z3BJELOTWETV
[2023-08-13 13:26:31,792] {emr.py:74} INFO - Job flow currently PENDING
[2023-08-13 13:27:31,755] {emr.py:317} INFO - Poking step s-00593993IWXJ9QL7G016 on cluster j-1Z3BJELOTWETV
[2023-08-13 13:27:32,222] {emr.py:74} INFO - Job flow currently RUNNING
[2023-08-13 13:28:32,180] {emr.py:317} INFO - Poking step s-00593993IWXJ9QL7G016 on cluster j-1Z3BJELOTWETV
[2023-08-13 13:28:32,532] {emr.py:74} INFO - Job flow currently COMPLETED
[2023-08-13 13:28:32,533] {base.py:301} INFO - Success criteria met. Exiting.
[2023-08-13 13:28:32,550] {taskinstance.py:1400} INFO - Marking task as SUCCESS. dag_id=submit_pyspark_script_to_emr, task_id=execute_pyspark_script_sensor, execution_date=20230813T132615, start_date=20230813T132630, end_date=20230813T132832
[2023-08-13 13:28:32,598] {local_task_job.py:156} INFO - Task exited with return code 0
[2023-08-13 13:28:32,624] {local_task_job.py:273} INFO - 0 downstream tasks scheduled from follow-on schedule check
