[2023-08-13 12:15:15,138] {taskinstance.py:1159} INFO - Dependencies all met for <TaskInstance: submit_pyspark_script_to_emr.upload_script_to_s3 manual__2023-08-13T12:15:12.158609+00:00 [queued]>
[2023-08-13 12:15:15,154] {taskinstance.py:1159} INFO - Dependencies all met for <TaskInstance: submit_pyspark_script_to_emr.upload_script_to_s3 manual__2023-08-13T12:15:12.158609+00:00 [queued]>
[2023-08-13 12:15:15,155] {taskinstance.py:1356} INFO - 
--------------------------------------------------------------------------------
[2023-08-13 12:15:15,156] {taskinstance.py:1357} INFO - Starting attempt 1 of 1
[2023-08-13 12:15:15,157] {taskinstance.py:1358} INFO - 
--------------------------------------------------------------------------------
[2023-08-13 12:15:15,173] {taskinstance.py:1377} INFO - Executing <Task(PythonOperator): upload_script_to_s3> on 2023-08-13 12:15:12.158609+00:00
[2023-08-13 12:15:15,179] {standard_task_runner.py:52} INFO - Started process 178 to run task
[2023-08-13 12:15:15,183] {standard_task_runner.py:79} INFO - Running: ['airflow', 'tasks', 'run', 'submit_pyspark_script_to_emr', 'upload_script_to_s3', 'manual__2023-08-13T12:15:12.158609+00:00', '--job-id', '44', '--raw', '--subdir', 'DAGS_FOLDER/orchestration/submit_spark_job_to_emr.py', '--cfg-path', '/tmp/tmpfqvxlpzz', '--error-file', '/tmp/tmpryv1kryt']
[2023-08-13 12:15:15,186] {standard_task_runner.py:80} INFO - Job 44: Subtask upload_script_to_s3
[2023-08-13 12:15:15,289] {task_command.py:370} INFO - Running <TaskInstance: submit_pyspark_script_to_emr.upload_script_to_s3 manual__2023-08-13T12:15:12.158609+00:00 [running]> on host airflow_scheduler
[2023-08-13 12:15:15,417] {taskinstance.py:1571} INFO - Exporting the following env vars:
AIRFLOW_CTX_DAG_OWNER=airflow
AIRFLOW_CTX_DAG_ID=submit_pyspark_script_to_emr
AIRFLOW_CTX_TASK_ID=upload_script_to_s3
AIRFLOW_CTX_EXECUTION_DATE=2023-08-13T12:15:12.158609+00:00
AIRFLOW_CTX_TRY_NUMBER=1
AIRFLOW_CTX_DAG_RUN_ID=manual__2023-08-13T12:15:12.158609+00:00
[2023-08-13 12:15:15,419] {submit_spark_job_to_emr.py:69} INFO - The fetched bucket name is: emr-data-947775527574
[2023-08-13 12:15:15,419] {submit_spark_job_to_emr.py:70} INFO - The fetched local filename is: /opt/airflow/dags/computation/src/pyspark_scripts/read_and_write_back_to_s3.py
[2023-08-13 12:15:15,420] {submit_spark_job_to_emr.py:71} INFO - The fetched S3 file destination is: scripts/read_and_write_back_to_s3.py
[2023-08-13 12:15:15,431] {base.py:68} INFO - Using connection ID 'aws_default' for task execution.
[2023-08-13 12:15:15,432] {base_aws.py:210} INFO - Credentials retrieved from extra_config
[2023-08-13 12:15:15,433] {base_aws.py:100} INFO - Retrieving region_name from Connection.extra_config['region_name']
[2023-08-13 12:15:15,895] {submit_spark_job_to_emr.py:76} INFO - File SUCCESSFULLY uploaded to S3 bucket
[2023-08-13 12:15:15,897] {python.py:173} INFO - Done. Returned value was: None
[2023-08-13 12:15:15,911] {taskinstance.py:1400} INFO - Marking task as SUCCESS. dag_id=submit_pyspark_script_to_emr, task_id=upload_script_to_s3, execution_date=20230813T121512, start_date=20230813T121515, end_date=20230813T121515
[2023-08-13 12:15:15,961] {local_task_job.py:156} INFO - Task exited with return code 0
[2023-08-13 12:15:16,002] {local_task_job.py:273} INFO - 0 downstream tasks scheduled from follow-on schedule check
