[2023-08-13 13:31:45,440] {taskinstance.py:1159} INFO - Dependencies all met for <TaskInstance: submit_pyspark_script_to_emr.execute_pyspark_script manual__2023-08-13T13:31:40.657502+00:00 [queued]>
[2023-08-13 13:31:45,483] {taskinstance.py:1159} INFO - Dependencies all met for <TaskInstance: submit_pyspark_script_to_emr.execute_pyspark_script manual__2023-08-13T13:31:40.657502+00:00 [queued]>
[2023-08-13 13:31:45,484] {taskinstance.py:1356} INFO - 
--------------------------------------------------------------------------------
[2023-08-13 13:31:45,485] {taskinstance.py:1357} INFO - Starting attempt 1 of 1
[2023-08-13 13:31:45,487] {taskinstance.py:1358} INFO - 
--------------------------------------------------------------------------------
[2023-08-13 13:31:45,512] {taskinstance.py:1377} INFO - Executing <Task(EmrAddStepsOperator): execute_pyspark_script> on 2023-08-13 13:31:40.657502+00:00
[2023-08-13 13:31:45,521] {standard_task_runner.py:52} INFO - Started process 925 to run task
[2023-08-13 13:31:45,527] {standard_task_runner.py:79} INFO - Running: ['airflow', 'tasks', 'run', 'submit_pyspark_script_to_emr', 'execute_pyspark_script', 'manual__2023-08-13T13:31:40.657502+00:00', '--job-id', '100', '--raw', '--subdir', 'DAGS_FOLDER/orchestration/submit_spark_job_to_emr.py', '--cfg-path', '/tmp/tmp9emw1pwx', '--error-file', '/tmp/tmpq_3y7_w5']
[2023-08-13 13:31:45,529] {standard_task_runner.py:80} INFO - Job 100: Subtask execute_pyspark_script
[2023-08-13 13:31:45,669] {task_command.py:370} INFO - Running <TaskInstance: submit_pyspark_script_to_emr.execute_pyspark_script manual__2023-08-13T13:31:40.657502+00:00 [running]> on host airflow_scheduler
[2023-08-13 13:31:45,887] {taskinstance.py:1571} INFO - Exporting the following env vars:
AIRFLOW_CTX_DAG_OWNER=airflow
AIRFLOW_CTX_DAG_ID=submit_pyspark_script_to_emr
AIRFLOW_CTX_TASK_ID=execute_pyspark_script
AIRFLOW_CTX_EXECUTION_DATE=2023-08-13T13:31:40.657502+00:00
AIRFLOW_CTX_TRY_NUMBER=1
AIRFLOW_CTX_DAG_RUN_ID=manual__2023-08-13T13:31:40.657502+00:00
[2023-08-13 13:31:45,926] {base.py:68} INFO - Using connection ID 'aws_default' for task execution.
[2023-08-13 13:31:45,929] {base_aws.py:210} INFO - Credentials retrieved from extra_config
[2023-08-13 13:31:45,931] {base_aws.py:100} INFO - Retrieving region_name from Connection.extra_config['region_name']
[2023-08-13 13:31:46,033] {emr.py:104} INFO - Adding steps to j-1Z3BJELOTWETV
[2023-08-13 13:31:46,445] {emr.py:117} INFO - Steps ['s-003915829FHJD31H6VAY'] added to JobFlow
[2023-08-13 13:31:46,513] {taskinstance.py:1400} INFO - Marking task as SUCCESS. dag_id=submit_pyspark_script_to_emr, task_id=execute_pyspark_script, execution_date=20230813T133140, start_date=20230813T133145, end_date=20230813T133146
[2023-08-13 13:31:46,590] {local_task_job.py:156} INFO - Task exited with return code 0
[2023-08-13 13:31:46,659] {local_task_job.py:273} INFO - 1 downstream tasks scheduled from follow-on schedule check
