[2023-08-13 13:26:25,919] {taskinstance.py:1159} INFO - Dependencies all met for <TaskInstance: submit_pyspark_script_to_emr.upload_script_to_s3 manual__2023-08-13T13:26:15.433626+00:00 [queued]>
[2023-08-13 13:26:25,935] {taskinstance.py:1159} INFO - Dependencies all met for <TaskInstance: submit_pyspark_script_to_emr.upload_script_to_s3 manual__2023-08-13T13:26:15.433626+00:00 [queued]>
[2023-08-13 13:26:25,936] {taskinstance.py:1356} INFO - 
--------------------------------------------------------------------------------
[2023-08-13 13:26:25,937] {taskinstance.py:1357} INFO - Starting attempt 1 of 1
[2023-08-13 13:26:25,937] {taskinstance.py:1358} INFO - 
--------------------------------------------------------------------------------
[2023-08-13 13:26:25,960] {taskinstance.py:1377} INFO - Executing <Task(PythonOperator): upload_script_to_s3> on 2023-08-13 13:26:15.433626+00:00
[2023-08-13 13:26:25,968] {standard_task_runner.py:52} INFO - Started process 228 to run task
[2023-08-13 13:26:25,974] {standard_task_runner.py:79} INFO - Running: ['airflow', 'tasks', 'run', 'submit_pyspark_script_to_emr', 'upload_script_to_s3', 'manual__2023-08-13T13:26:15.433626+00:00', '--job-id', '95', '--raw', '--subdir', 'DAGS_FOLDER/orchestration/submit_spark_job_to_emr.py', '--cfg-path', '/tmp/tmpvppbcqfg', '--error-file', '/tmp/tmpvwtizayt']
[2023-08-13 13:26:25,977] {standard_task_runner.py:80} INFO - Job 95: Subtask upload_script_to_s3
[2023-08-13 13:26:26,078] {task_command.py:370} INFO - Running <TaskInstance: submit_pyspark_script_to_emr.upload_script_to_s3 manual__2023-08-13T13:26:15.433626+00:00 [running]> on host airflow_scheduler
[2023-08-13 13:26:26,227] {taskinstance.py:1571} INFO - Exporting the following env vars:
AIRFLOW_CTX_DAG_OWNER=airflow
AIRFLOW_CTX_DAG_ID=submit_pyspark_script_to_emr
AIRFLOW_CTX_TASK_ID=upload_script_to_s3
AIRFLOW_CTX_EXECUTION_DATE=2023-08-13T13:26:15.433626+00:00
AIRFLOW_CTX_TRY_NUMBER=1
AIRFLOW_CTX_DAG_RUN_ID=manual__2023-08-13T13:26:15.433626+00:00
[2023-08-13 13:26:26,247] {base.py:68} INFO - Using connection ID 'aws_default' for task execution.
[2023-08-13 13:26:26,250] {base_aws.py:210} INFO - Credentials retrieved from extra_config
[2023-08-13 13:26:26,252] {base_aws.py:100} INFO - Retrieving region_name from Connection.extra_config['region_name']
[2023-08-13 13:26:26,732] {python.py:173} INFO - Done. Returned value was: None
[2023-08-13 13:26:26,764] {taskinstance.py:1400} INFO - Marking task as SUCCESS. dag_id=submit_pyspark_script_to_emr, task_id=upload_script_to_s3, execution_date=20230813T132615, start_date=20230813T132625, end_date=20230813T132626
[2023-08-13 13:26:26,813] {local_task_job.py:156} INFO - Task exited with return code 0
[2023-08-13 13:26:26,957] {local_task_job.py:273} INFO - 1 downstream tasks scheduled from follow-on schedule check
