[2023-08-13 12:49:40,912] {taskinstance.py:1159} INFO - Dependencies all met for <TaskInstance: submit_pyspark_script_to_emr.fetch_cluster_id_and_paramns manual__2023-08-13T12:49:39.412404+00:00 [queued]>
[2023-08-13 12:49:40,929] {taskinstance.py:1159} INFO - Dependencies all met for <TaskInstance: submit_pyspark_script_to_emr.fetch_cluster_id_and_paramns manual__2023-08-13T12:49:39.412404+00:00 [queued]>
[2023-08-13 12:49:40,930] {taskinstance.py:1356} INFO - 
--------------------------------------------------------------------------------
[2023-08-13 12:49:40,930] {taskinstance.py:1357} INFO - Starting attempt 1 of 1
[2023-08-13 12:49:40,931] {taskinstance.py:1358} INFO - 
--------------------------------------------------------------------------------
[2023-08-13 12:49:40,949] {taskinstance.py:1377} INFO - Executing <Task(PythonOperator): fetch_cluster_id_and_paramns> on 2023-08-13 12:49:39.412404+00:00
[2023-08-13 12:49:40,955] {standard_task_runner.py:52} INFO - Started process 181 to run task
[2023-08-13 12:49:40,960] {standard_task_runner.py:79} INFO - Running: ['airflow', 'tasks', 'run', 'submit_pyspark_script_to_emr', 'fetch_cluster_id_and_paramns', 'manual__2023-08-13T12:49:39.412404+00:00', '--job-id', '66', '--raw', '--subdir', 'DAGS_FOLDER/orchestration/submit_spark_job_to_emr.py', '--cfg-path', '/tmp/tmpa4ouehcn', '--error-file', '/tmp/tmp7ofyubqn']
[2023-08-13 12:49:40,962] {standard_task_runner.py:80} INFO - Job 66: Subtask fetch_cluster_id_and_paramns
[2023-08-13 12:49:41,039] {task_command.py:370} INFO - Running <TaskInstance: submit_pyspark_script_to_emr.fetch_cluster_id_and_paramns manual__2023-08-13T12:49:39.412404+00:00 [running]> on host airflow_scheduler
[2023-08-13 12:49:41,141] {taskinstance.py:1571} INFO - Exporting the following env vars:
AIRFLOW_CTX_DAG_OWNER=airflow
AIRFLOW_CTX_DAG_ID=submit_pyspark_script_to_emr
AIRFLOW_CTX_TASK_ID=fetch_cluster_id_and_paramns
AIRFLOW_CTX_EXECUTION_DATE=2023-08-13T12:49:39.412404+00:00
AIRFLOW_CTX_TRY_NUMBER=1
AIRFLOW_CTX_DAG_RUN_ID=manual__2023-08-13T12:49:39.412404+00:00
[2023-08-13 12:49:41,155] {base.py:68} INFO - Using connection ID 'aws_default' for task execution.
[2023-08-13 12:49:41,157] {base_aws.py:210} INFO - Credentials retrieved from extra_config
[2023-08-13 12:49:41,158] {base_aws.py:100} INFO - Retrieving region_name from Connection.extra_config['region_name']
[2023-08-13 12:49:41,617] {emr.py:66} INFO - Found cluster name = finance-emr id = j-1Z3BJELOTWETV
[2023-08-13 12:49:41,632] {logging_mixin.py:115} INFO - Type1 is: <class 'list'>
[2023-08-13 12:49:41,633] {logging_mixin.py:115} INFO - Type2 is: <class 'str'>
[2023-08-13 12:49:41,634] {submit_spark_job_to_emr.py:59} INFO - Fetched LOCAL CONFIG is:
 /opt/airflow/dags
 /computation/src/pyspark_scripts/ 
 read_and_write_back_to_s3.py 
 /opt/airflow/dags/computation/src/pyspark_scripts/read_and_write_back_to_s3.py 

[2023-08-13 12:49:41,635] {submit_spark_job_to_emr.py:60} INFO - Fetched S3 CONFIG is:
 emr-data-947775527574
 scripts/read_and_write_back_to_s3.py 
 s3://emr-data-947775527574/src/boa/ 
 s3://emr-data-947775527574/tgt/boa/ 

[2023-08-13 12:49:41,636] {submit_spark_job_to_emr.py:61} INFO - Fetched SPARK S3 CONFIG is:
 ['spark-submit', '--deploy-mode', 'client']
 {"spark.sql.session.timeZone": "UTC", "spark.speculation": "false"} 

[2023-08-13 12:49:41,637] {submit_spark_job_to_emr.py:62} INFO - JAR STRING is:
 s3://emr-data-947775527574/airflow-finance/dags/assets/jars/spark-3.3.1/spark-snowflake_2.9.1/snowflake-ingest-sdk-0.10.3.jar,s3://emr-data-947775527574/airflow-finance/dags/assets/jars/spark-3.3.1/spark-snowflake_2.9.1/snowflake-jdbc-3.13.10.jar,s3://emr-data-947775527574/airflow-finance/dags/assets/jars/spark-3.3.1/spark-snowflake_2.9.1/spark-snowflake_2.12-2.9.3-spark_3.1.jar 

[2023-08-13 12:49:41,639] {python.py:173} INFO - Done. Returned value was: ('j-1Z3BJELOTWETV', '/opt/airflow/dags', '/computation/src/pyspark_scripts/', 'read_and_write_back_to_s3.py', '/opt/airflow/dags/computation/src/pyspark_scripts/read_and_write_back_to_s3.py', 'emr-data-947775527574', 'scripts/read_and_write_back_to_s3.py', 's3://emr-data-947775527574/tgt/boa/', 's3://emr-data-947775527574/src/boa/', ['spark-submit', '--deploy-mode', 'client'], '{"spark.sql.session.timeZone": "UTC", "spark.speculation": "false"}', 's3://emr-data-947775527574/airflow-finance/dags/assets/jars/spark-3.3.1/spark-snowflake_2.9.1/snowflake-ingest-sdk-0.10.3.jar,s3://emr-data-947775527574/airflow-finance/dags/assets/jars/spark-3.3.1/spark-snowflake_2.9.1/snowflake-jdbc-3.13.10.jar,s3://emr-data-947775527574/airflow-finance/dags/assets/jars/spark-3.3.1/spark-snowflake_2.9.1/spark-snowflake_2.12-2.9.3-spark_3.1.jar')
[2023-08-13 12:49:41,677] {taskinstance.py:1400} INFO - Marking task as SUCCESS. dag_id=submit_pyspark_script_to_emr, task_id=fetch_cluster_id_and_paramns, execution_date=20230813T124939, start_date=20230813T124940, end_date=20230813T124941
[2023-08-13 12:49:41,737] {local_task_job.py:156} INFO - Task exited with return code 0
[2023-08-13 12:49:41,831] {local_task_job.py:273} INFO - 1 downstream tasks scheduled from follow-on schedule check
